<?xml version="1.0" encoding="UTF-8"?>
<!-- Generated by org.testng.reporters.JUnitXMLReporter -->
<testsuite ignored="0" hostname="LTIN192431" failures="0" tests="7" name="Default test" time="0.37" errors="0" timestamp="2024-01-24T19:57:39 IST">
  <testcase classname="testBase.baseClass" name="@BeforeTest setup" time="-1.706106458717E9">
    <failure type="org.testng.TestNGException" message="
Parameter &amp;apos;os&amp;apos; is required by BeforeTest on method setup but has not been marked @Optional or defined
in C:\Users\2303559\AppData\Local\Temp\1\testng-eclipse--1548485645\testng-customsuite.xml">
      <![CDATA[org.testng.TestNGException: 
Parameter 'os' is required by BeforeTest on method setup but has not been marked @Optional or defined
in C:\Users\2303559\AppData\Local\Temp\1\testng-eclipse--1548485645\testng-customsuite.xml
at org.testng.internal.Parameters.createParams(Parameters.java:267)
at org.testng.internal.Parameters.createParametersForMethod(Parameters.java:355)
at org.testng.internal.Parameters.createParameters(Parameters.java:684)
at org.testng.internal.Parameters.createConfigurationParameters(Parameters.java:166)
at org.testng.internal.invokers.ConfigInvoker.invokeConfigurations(ConfigInvoker.java:306)
at org.testng.TestRunner.invokeTestConfigurations(TestRunner.java:663)
at org.testng.TestRunner.beforeRun(TestRunner.java:652)
at org.testng.TestRunner.run(TestRunner.java:614)
at org.testng.SuiteRunner.runTest(SuiteRunner.java:443)
at org.testng.SuiteRunner.runSequentially(SuiteRunner.java:437)
at org.testng.SuiteRunner.privateRun(SuiteRunner.java:397)
at org.testng.SuiteRunner.run(SuiteRunner.java:336)
at org.testng.SuiteRunnerWorker.runSuite(SuiteRunnerWorker.java:52)
at org.testng.SuiteRunnerWorker.run(SuiteRunnerWorker.java:95)
at org.testng.TestNG.runSuitesSequentially(TestNG.java:1280)
at org.testng.TestNG.runSuitesLocally(TestNG.java:1200)
at org.testng.TestNG.runSuites(TestNG.java:1114)
at org.testng.TestNG.run(TestNG.java:1082)
at org.testng.remote.AbstractRemoteTestNG.run(AbstractRemoteTestNG.java:115)
at org.testng.remote.RemoteTestNG.initAndRun(RemoteTestNG.java:251)
at org.testng.remote.RemoteTestNG.main(RemoteTestNG.java:77)
]]>
    </failure>
  </testcase> <!-- @BeforeTest setup -->
  <testcase classname="testBase.baseClass" name="@AfterTest teardown" time="0.0">
    <skipped/>
  </testcase> <!-- @AfterTest teardown -->
  <testcase classname="testcase.TC_001_VerifyHolidayScheduleTitle" name="VerifyHolidayScheduleTitle" time="0.001">
    <skipped/>
  </testcase> <!-- VerifyHolidayScheduleTitle -->
  <testcase classname="testcase.TC_002_VerifyNavigationOfHolidaySchedulePage" name="VerifyNavigationOfHolidaySchedulePage" time="0.0">
    <skipped/>
  </testcase> <!-- VerifyNavigationOfHolidaySchedulePage -->
  <testcase classname="testcase.TC_003_VerifyHolidayCalendars2024Text" name="VerifyHolidayCalendars2024Text" time="0.0">
    <skipped/>
  </testcase> <!-- VerifyHolidayCalendars2024Text -->
  <testcase classname="testcase.TC_004_VerifyCountsSelected" name="VerifyCountsSelected" time="0.0">
    <skipped/>
  </testcase> <!-- VerifyCountsSelected -->
  <testcase classname="testcase.TC_005_ValidateDocumentsDownloadable" name="ValidateDocumentsDownloadable" time="0.0">
    <skipped/>
  </testcase> <!-- ValidateDocumentsDownloadable -->
  <testcase classname="testcase.TC_006_VerifyIndiaHolidayCalendarsDocTitle" name="VerifyIndiaHolidayCalendarsDocTitle" time="0.0">
    <skipped/>
  </testcase> <!-- VerifyIndiaHolidayCalendarsDocTitle -->
  <testcase classname="testcase.TC_007_VerifyVersionHistoryButton" name="VerifyVersionHistoryButton" time="0.0">
    <skipped/>
  </testcase> <!-- VerifyVersionHistoryButton -->
</testsuite> <!-- Default test -->
